Compiling C:\Users\DangNgocNhan\Desktop\Project3\01. Project3\main on 11-Jan-23 at 14:36
>>> Warning 238 "C:\Program Files (x86)\PICC\Devices\def_877a.h" Line 284(2,5): Duplicate #locate
>>> Warning 225 "C:\Program Files (x86)\PICC\Devices\def_877a.h" Line 1(9,11): Duplicate #define
>>> Warning 225 "C:\Program Files (x86)\PICC\Devices\def_877a.h" Line 2(10,12): Duplicate #define
>>> Warning 238 "C:\Program Files (x86)\PICC\Devices\def_877a.h" Line 7(2,6): Duplicate #locate
>>> Warning 238 "C:\Program Files (x86)\PICC\Devices\def_877a.h" Line 8(2,6): Duplicate #locate
>>> Warning 238 "C:\Program Files (x86)\PICC\Devices\def_877a.h" Line 9(2,6): Duplicate #locate
>>> Warning 238 "C:\Program Files (x86)\PICC\Devices\def_877a.h" Line 10(2,6): Duplicate #locate
>>> Warning 238 "C:\Program Files (x86)\PICC\Devices\def_877a.h" Line 11(2,6): Duplicate #locate
>>> Warning 238 "C:\Program Files (x86)\PICC\Devices\def_877a.h" Line 12(2,6): Duplicate #locate
>>> Warning 238 "C:\Program Files (x86)\PICC\Devices\def_877a.h" Line 13(2,6): Duplicate #locate
>>> Warning 238 "C:\Program Files (x86)\PICC\Devices\def_877a.h" Line 14(2,6): Duplicate #locate
>>> Warning 238 "C:\Program Files (x86)\PICC\Devices\def_877a.h" Line 17(2,6): Duplicate #locate
>>> Warning 238 "C:\Program Files (x86)\PICC\Devices\def_877a.h" Line 18(2,6): Duplicate #locate
>>> Warning 238 "C:\Program Files (x86)\PICC\Devices\def_877a.h" Line 19(2,6): Duplicate #locate
>>> Warning 238 "C:\Program Files (x86)\PICC\Devices\def_877a.h" Line 21(2,6): Duplicate #locate
>>> Warning 238 "C:\Program Files (x86)\PICC\Devices\def_877a.h" Line 22(2,6): Duplicate #locate
>>> Warning 238 "C:\Program Files (x86)\PICC\Devices\def_877a.h" Line 23(2,6): Duplicate #locate
>>> Warning 238 "C:\Program Files (x86)\PICC\Devices\def_877a.h" Line 24(2,6): Duplicate #locate
>>> Warning 238 "C:\Program Files (x86)\PICC\Devices\def_877a.h" Line 25(2,6): Duplicate #locate
>>> Warning 238 "C:\Program Files (x86)\PICC\Devices\def_877a.h" Line 27(2,6): Duplicate #locate
>>> Warning 238 "C:\Program Files (x86)\PICC\Devices\def_877a.h" Line 28(2,6): Duplicate #locate
>>> Warning 238 "C:\Program Files (x86)\PICC\Devices\def_877a.h" Line 29(2,6): Duplicate #locate
>>> Warning 238 "C:\Program Files (x86)\PICC\Devices\def_877a.h" Line 30(2,6): Duplicate #locate
>>> Warning 238 "C:\Program Files (x86)\PICC\Devices\def_877a.h" Line 31(2,6): Duplicate #locate
>>> Warning 238 "C:\Program Files (x86)\PICC\Devices\def_877a.h" Line 32(2,6): Duplicate #locate
>>> Warning 238 "C:\Program Files (x86)\PICC\Devices\def_877a.h" Line 33(2,6): Duplicate #locate
>>> Warning 238 "C:\Program Files (x86)\PICC\Devices\def_877a.h" Line 34(2,6): Duplicate #locate
>>> Warning 238 "C:\Program Files (x86)\PICC\Devices\def_877a.h" Line 35(2,6): Duplicate #locate
>>> Warning 238 "C:\Program Files (x86)\PICC\Devices\def_877a.h" Line 36(2,6): Duplicate #locate
>>> Warning 238 "C:\Program Files (x86)\PICC\Devices\def_877a.h" Line 38(2,6): Duplicate #locate
>>> Warning 238 "C:\Program Files (x86)\PICC\Devices\def_877a.h" Line 39(2,6): Duplicate #locate
>>> Warning 238 "C:\Program Files (x86)\PICC\Devices\def_877a.h" Line 43(2,6): Duplicate #locate
>>> Warning 238 "C:\Program Files (x86)\PICC\Devices\def_877a.h" Line 45(2,6): Duplicate #locate
>>> Warning 238 "C:\Program Files (x86)\PICC\Devices\def_877a.h" Line 46(2,6): Duplicate #locate
>>> Warning 238 "C:\Program Files (x86)\PICC\Devices\def_877a.h" Line 47(2,6): Duplicate #locate
>>> Warning 238 "C:\Program Files (x86)\PICC\Devices\def_877a.h" Line 48(2,6): Duplicate #locate
>>> Warning 238 "C:\Program Files (x86)\PICC\Devices\def_877a.h" Line 50(2,6): Duplicate #locate
>>> Warning 238 "C:\Program Files (x86)\PICC\Devices\def_877a.h" Line 51(2,6): Duplicate #locate
>>> Warning 238 "C:\Program Files (x86)\PICC\Devices\def_877a.h" Line 52(2,6): Duplicate #locate
>>> Warning 238 "C:\Program Files (x86)\PICC\Devices\def_877a.h" Line 54(2,6): Duplicate #locate
>>> Warning 238 "C:\Program Files (x86)\PICC\Devices\def_877a.h" Line 55(2,6): Duplicate #locate
>>> Warning 238 "C:\Program Files (x86)\PICC\Devices\def_877a.h" Line 56(2,6): Duplicate #locate
>>> Warning 238 "C:\Program Files (x86)\PICC\Devices\def_877a.h" Line 57(2,6): Duplicate #locate
>>> Warning 238 "C:\Program Files (x86)\PICC\Devices\def_877a.h" Line 59(2,6): Duplicate #locate
>>> Warning 238 "C:\Program Files (x86)\PICC\Devices\def_877a.h" Line 60(2,6): Duplicate #locate
>>> Warning 238 "C:\Program Files (x86)\PICC\Devices\def_877a.h" Line 62(2,6): Duplicate #locate
>>> Warning 238 "C:\Program Files (x86)\PICC\Devices\def_877a.h" Line 63(2,6): Duplicate #locate
>>> Warning 238 "C:\Program Files (x86)\PICC\Devices\def_877a.h" Line 67(2,6): Duplicate #locate
>>> Warning 238 "C:\Program Files (x86)\PICC\Devices\def_877a.h" Line 68(2,6): Duplicate #locate
>>> Warning 238 "C:\Program Files (x86)\PICC\Devices\def_877a.h" Line 69(2,6): Duplicate #locate
>>> Warning 238 "C:\Program Files (x86)\PICC\Devices\def_877a.h" Line 70(2,6): Duplicate #locate
>>> Warning 238 "C:\Program Files (x86)\PICC\Devices\def_877a.h" Line 74(2,6): Duplicate #locate
>>> Warning 238 "C:\Program Files (x86)\PICC\Devices\def_877a.h" Line 75(2,6): Duplicate #locate
>>> Warning 225 "C:\Program Files (x86)\PICC\Devices\def_877a.h" Line 81(12,14): Duplicate #define
>>> Warning 225 "C:\Program Files (x86)\PICC\Devices\def_877a.h" Line 82(12,14): Duplicate #define
>>> Warning 225 "C:\Program Files (x86)\PICC\Devices\def_877a.h" Line 83(12,14): Duplicate #define
>>> Warning 225 "C:\Program Files (x86)\PICC\Devices\def_877a.h" Line 84(15,17): Duplicate #define
>>> Warning 225 "C:\Program Files (x86)\PICC\Devices\def_877a.h" Line 85(15,17): Duplicate #define
>>> Warning 225 "C:\Program Files (x86)\PICC\Devices\def_877a.h" Line 86(10,12): Duplicate #define
>>> Warning 225 "C:\Program Files (x86)\PICC\Devices\def_877a.h" Line 87(11,13): Duplicate #define
>>> Warning 225 "C:\Program Files (x86)\PICC\Devices\def_877a.h" Line 88(10,12): Duplicate #define
>>> Warning 238 "C:\Program Files (x86)\PICC\Devices\def_877a.h" Line 92(2,5): Duplicate #locate
>>> Warning 238 "C:\Program Files (x86)\PICC\Devices\def_877a.h" Line 93(2,5): Duplicate #locate
>>> Warning 238 "C:\Program Files (x86)\PICC\Devices\def_877a.h" Line 94(2,5): Duplicate #locate
>>> Warning 238 "C:\Program Files (x86)\PICC\Devices\def_877a.h" Line 95(2,5): Duplicate #locate
>>> Warning 238 "C:\Program Files (x86)\PICC\Devices\def_877a.h" Line 96(2,5): Duplicate #locate
>>> Warning 238 "C:\Program Files (x86)\PICC\Devices\def_877a.h" Line 97(2,5): Duplicate #locate
>>> Warning 238 "C:\Program Files (x86)\PICC\Devices\def_877a.h" Line 98(2,5): Duplicate #locate
>>> Warning 238 "C:\Program Files (x86)\PICC\Devices\def_877a.h" Line 99(2,5): Duplicate #locate
>>> Warning 238 "C:\Program Files (x86)\PICC\Devices\def_877a.h" Line 102(2,5): Duplicate #locate
>>> Warning 238 "C:\Program Files (x86)\PICC\Devices\def_877a.h" Line 103(2,5): Duplicate #locate
>>> Warning 238 "C:\Program Files (x86)\PICC\Devices\def_877a.h" Line 104(2,5): Duplicate #locate
>>> Warning 238 "C:\Program Files (x86)\PICC\Devices\def_877a.h" Line 105(2,5): Duplicate #locate
>>> Warning 238 "C:\Program Files (x86)\PICC\Devices\def_877a.h" Line 106(2,5): Duplicate #locate
>>> Warning 238 "C:\Program Files (x86)\PICC\Devices\def_877a.h" Line 107(2,5): Duplicate #locate
>>> Warning 238 "C:\Program Files (x86)\PICC\Devices\def_877a.h" Line 110(2,5): Duplicate #locate
>>> Warning 238 "C:\Program Files (x86)\PICC\Devices\def_877a.h" Line 111(2,5): Duplicate #locate
>>> Warning 238 "C:\Program Files (x86)\PICC\Devices\def_877a.h" Line 112(2,5): Duplicate #locate
>>> Warning 238 "C:\Program Files (x86)\PICC\Devices\def_877a.h" Line 113(2,5): Duplicate #locate
>>> Warning 238 "C:\Program Files (x86)\PICC\Devices\def_877a.h" Line 114(2,5): Duplicate #locate
>>> Warning 238 "C:\Program Files (x86)\PICC\Devices\def_877a.h" Line 115(2,5): Duplicate #locate
>>> Warning 238 "C:\Program Files (x86)\PICC\Devices\def_877a.h" Line 116(2,5): Duplicate #locate
>>> Warning 238 "C:\Program Files (x86)\PICC\Devices\def_877a.h" Line 117(2,5): Duplicate #locate
>>> Warning 238 "C:\Program Files (x86)\PICC\Devices\def_877a.h" Line 120(2,5): Duplicate #locate
>>> Warning 238 "C:\Program Files (x86)\PICC\Devices\def_877a.h" Line 121(2,5): Duplicate #locate
>>> Warning 238 "C:\Program Files (x86)\PICC\Devices\def_877a.h" Line 122(2,5): Duplicate #locate
>>> Warning 238 "C:\Program Files (x86)\PICC\Devices\def_877a.h" Line 123(2,5): Duplicate #locate
>>> Warning 238 "C:\Program Files (x86)\PICC\Devices\def_877a.h" Line 124(2,5): Duplicate #locate
>>> Warning 238 "C:\Program Files (x86)\PICC\Devices\def_877a.h" Line 125(2,5): Duplicate #locate
>>> Warning 238 "C:\Program Files (x86)\PICC\Devices\def_877a.h" Line 126(2,5): Duplicate #locate
>>> Warning 238 "C:\Program Files (x86)\PICC\Devices\def_877a.h" Line 127(2,5): Duplicate #locate
>>> Warning 238 "C:\Program Files (x86)\PICC\Devices\def_877a.h" Line 129(2,5): Duplicate #locate
>>> Warning 238 "C:\Program Files (x86)\PICC\Devices\def_877a.h" Line 130(2,5): Duplicate #locate
>>> Warning 238 "C:\Program Files (x86)\PICC\Devices\def_877a.h" Line 131(2,5): Duplicate #locate
>>> Warning 238 "C:\Program Files (x86)\PICC\Devices\def_877a.h" Line 132(2,5): Duplicate #locate
>>> Warning 238 "C:\Program Files (x86)\PICC\Devices\def_877a.h" Line 133(2,5): Duplicate #locate
>>> Warning 238 "C:\Program Files (x86)\PICC\Devices\def_877a.h" Line 134(2,5): Duplicate #locate
>>> Warning 238 "C:\Program Files (x86)\PICC\Devices\def_877a.h" Line 135(2,5): Duplicate #locate
>>> Warning 238 "C:\Program Files (x86)\PICC\Devices\def_877a.h" Line 136(2,5): Duplicate #locate
>>> Warning 238 "C:\Program Files (x86)\PICC\Devices\def_877a.h" Line 139(2,5): Duplicate #locate
>>> Warning 238 "C:\Program Files (x86)\PICC\Devices\def_877a.h" Line 140(2,5): Duplicate #locate
>>> Warning 238 "C:\Program Files (x86)\PICC\Devices\def_877a.h" Line 141(2,5): Duplicate #locate
>>> Warning 238 "C:\Program Files (x86)\PICC\Devices\def_877a.h" Line 142(2,5): Duplicate #locate
>>> Warning 238 "C:\Program Files (x86)\PICC\Devices\def_877a.h" Line 143(2,5): Duplicate #locate
>>> Warning 238 "C:\Program Files (x86)\PICC\Devices\def_877a.h" Line 144(2,5): Duplicate #locate
>>> Warning 238 "C:\Program Files (x86)\PICC\Devices\def_877a.h" Line 145(2,5): Duplicate #locate
>>> Warning 238 "C:\Program Files (x86)\PICC\Devices\def_877a.h" Line 146(2,5): Duplicate #locate
>>> Warning 238 "C:\Program Files (x86)\PICC\Devices\def_877a.h" Line 149(2,5): Duplicate #locate
>>> Warning 238 "C:\Program Files (x86)\PICC\Devices\def_877a.h" Line 150(2,5): Duplicate #locate
>>> Warning 238 "C:\Program Files (x86)\PICC\Devices\def_877a.h" Line 151(2,5): Duplicate #locate
>>> Warning 238 "C:\Program Files (x86)\PICC\Devices\def_877a.h" Line 152(2,5): Duplicate #locate
>>> Warning 238 "C:\Program Files (x86)\PICC\Devices\def_877a.h" Line 155(2,5): Duplicate #locate
>>> Warning 238 "C:\Program Files (x86)\PICC\Devices\def_877a.h" Line 156(2,5): Duplicate #locate
>>> Warning 238 "C:\Program Files (x86)\PICC\Devices\def_877a.h" Line 157(2,5): Duplicate #locate
>>> Warning 238 "C:\Program Files (x86)\PICC\Devices\def_877a.h" Line 158(2,5): Duplicate #locate
>>> Warning 238 "C:\Program Files (x86)\PICC\Devices\def_877a.h" Line 159(2,5): Duplicate #locate
>>> Warning 238 "C:\Program Files (x86)\PICC\Devices\def_877a.h" Line 160(2,5): Duplicate #locate
>>> Warning 238 "C:\Program Files (x86)\PICC\Devices\def_877a.h" Line 163(2,5): Duplicate #locate
>>> Warning 238 "C:\Program Files (x86)\PICC\Devices\def_877a.h" Line 164(2,5): Duplicate #locate
>>> Warning 238 "C:\Program Files (x86)\PICC\Devices\def_877a.h" Line 165(2,5): Duplicate #locate
>>> Warning 238 "C:\Program Files (x86)\PICC\Devices\def_877a.h" Line 166(2,5): Duplicate #locate
>>> Warning 238 "C:\Program Files (x86)\PICC\Devices\def_877a.h" Line 167(2,5): Duplicate #locate
>>> Warning 238 "C:\Program Files (x86)\PICC\Devices\def_877a.h" Line 168(2,5): Duplicate #locate
>>> Warning 238 "C:\Program Files (x86)\PICC\Devices\def_877a.h" Line 169(2,5): Duplicate #locate
>>> Warning 238 "C:\Program Files (x86)\PICC\Devices\def_877a.h" Line 172(2,5): Duplicate #locate
>>> Warning 238 "C:\Program Files (x86)\PICC\Devices\def_877a.h" Line 173(2,5): Duplicate #locate
>>> Warning 238 "C:\Program Files (x86)\PICC\Devices\def_877a.h" Line 174(2,5): Duplicate #locate
>>> Warning 238 "C:\Program Files (x86)\PICC\Devices\def_877a.h" Line 175(2,5): Duplicate #locate
>>> Warning 238 "C:\Program Files (x86)\PICC\Devices\def_877a.h" Line 176(2,5): Duplicate #locate
>>> Warning 238 "C:\Program Files (x86)\PICC\Devices\def_877a.h" Line 177(2,5): Duplicate #locate
>>> Warning 238 "C:\Program Files (x86)\PICC\Devices\def_877a.h" Line 178(2,5): Duplicate #locate
>>> Warning 238 "C:\Program Files (x86)\PICC\Devices\def_877a.h" Line 179(2,5): Duplicate #locate
>>> Warning 238 "C:\Program Files (x86)\PICC\Devices\def_877a.h" Line 182(2,5): Duplicate #locate
>>> Warning 238 "C:\Program Files (x86)\PICC\Devices\def_877a.h" Line 183(2,5): Duplicate #locate
>>> Warning 238 "C:\Program Files (x86)\PICC\Devices\def_877a.h" Line 184(2,5): Duplicate #locate
>>> Warning 238 "C:\Program Files (x86)\PICC\Devices\def_877a.h" Line 185(2,5): Duplicate #locate
>>> Warning 238 "C:\Program Files (x86)\PICC\Devices\def_877a.h" Line 186(2,5): Duplicate #locate
>>> Warning 238 "C:\Program Files (x86)\PICC\Devices\def_877a.h" Line 187(2,5): Duplicate #locate
>>> Warning 238 "C:\Program Files (x86)\PICC\Devices\def_877a.h" Line 191(2,5): Duplicate #locate
>>> Warning 238 "C:\Program Files (x86)\PICC\Devices\def_877a.h" Line 192(2,5): Duplicate #locate
>>> Warning 238 "C:\Program Files (x86)\PICC\Devices\def_877a.h" Line 193(2,5): Duplicate #locate
>>> Warning 238 "C:\Program Files (x86)\PICC\Devices\def_877a.h" Line 194(2,5): Duplicate #locate
>>> Warning 238 "C:\Program Files (x86)\PICC\Devices\def_877a.h" Line 195(2,5): Duplicate #locate
>>> Warning 238 "C:\Program Files (x86)\PICC\Devices\def_877a.h" Line 196(2,5): Duplicate #locate
>>> Warning 238 "C:\Program Files (x86)\PICC\Devices\def_877a.h" Line 197(2,5): Duplicate #locate
>>> Warning 238 "C:\Program Files (x86)\PICC\Devices\def_877a.h" Line 198(2,5): Duplicate #locate
>>> Warning 238 "C:\Program Files (x86)\PICC\Devices\def_877a.h" Line 202(2,5): Duplicate #locate
>>> Warning 238 "C:\Program Files (x86)\PICC\Devices\def_877a.h" Line 203(2,5): Duplicate #locate
>>> Warning 238 "C:\Program Files (x86)\PICC\Devices\def_877a.h" Line 204(2,5): Duplicate #locate
>>> Warning 238 "C:\Program Files (x86)\PICC\Devices\def_877a.h" Line 205(2,5): Duplicate #locate
>>> Warning 238 "C:\Program Files (x86)\PICC\Devices\def_877a.h" Line 206(2,5): Duplicate #locate
>>> Warning 238 "C:\Program Files (x86)\PICC\Devices\def_877a.h" Line 207(2,5): Duplicate #locate
>>> Warning 238 "C:\Program Files (x86)\PICC\Devices\def_877a.h" Line 210(2,5): Duplicate #locate
>>> Warning 238 "C:\Program Files (x86)\PICC\Devices\def_877a.h" Line 211(2,5): Duplicate #locate
>>> Warning 238 "C:\Program Files (x86)\PICC\Devices\def_877a.h" Line 212(2,5): Duplicate #locate
>>> Warning 238 "C:\Program Files (x86)\PICC\Devices\def_877a.h" Line 213(2,5): Duplicate #locate
>>> Warning 238 "C:\Program Files (x86)\PICC\Devices\def_877a.h" Line 214(2,5): Duplicate #locate
>>> Warning 238 "C:\Program Files (x86)\PICC\Devices\def_877a.h" Line 215(2,5): Duplicate #locate
>>> Warning 238 "C:\Program Files (x86)\PICC\Devices\def_877a.h" Line 216(2,5): Duplicate #locate
>>> Warning 238 "C:\Program Files (x86)\PICC\Devices\def_877a.h" Line 220(2,5): Duplicate #locate
>>> Warning 238 "C:\Program Files (x86)\PICC\Devices\def_877a.h" Line 221(2,5): Duplicate #locate
>>> Warning 238 "C:\Program Files (x86)\PICC\Devices\def_877a.h" Line 222(2,5): Duplicate #locate
>>> Warning 238 "C:\Program Files (x86)\PICC\Devices\def_877a.h" Line 223(2,5): Duplicate #locate
>>> Warning 238 "C:\Program Files (x86)\PICC\Devices\def_877a.h" Line 224(2,5): Duplicate #locate
>>> Warning 238 "C:\Program Files (x86)\PICC\Devices\def_877a.h" Line 225(2,5): Duplicate #locate
>>> Warning 238 "C:\Program Files (x86)\PICC\Devices\def_877a.h" Line 226(2,5): Duplicate #locate
>>> Warning 238 "C:\Program Files (x86)\PICC\Devices\def_877a.h" Line 227(2,5): Duplicate #locate
>>> Warning 238 "C:\Program Files (x86)\PICC\Devices\def_877a.h" Line 231(2,5): Duplicate #locate
>>> Warning 238 "C:\Program Files (x86)\PICC\Devices\def_877a.h" Line 232(2,5): Duplicate #locate
>>> Warning 238 "C:\Program Files (x86)\PICC\Devices\def_877a.h" Line 233(2,5): Duplicate #locate
>>> Warning 238 "C:\Program Files (x86)\PICC\Devices\def_877a.h" Line 234(2,5): Duplicate #locate
>>> Warning 238 "C:\Program Files (x86)\PICC\Devices\def_877a.h" Line 235(2,5): Duplicate #locate
>>> Warning 238 "C:\Program Files (x86)\PICC\Devices\def_877a.h" Line 236(2,5): Duplicate #locate
>>> Warning 238 "C:\Program Files (x86)\PICC\Devices\def_877a.h" Line 240(2,5): Duplicate #locate
>>> Warning 238 "C:\Program Files (x86)\PICC\Devices\def_877a.h" Line 241(2,5): Duplicate #locate
>>> Warning 238 "C:\Program Files (x86)\PICC\Devices\def_877a.h" Line 242(2,5): Duplicate #locate
>>> Warning 238 "C:\Program Files (x86)\PICC\Devices\def_877a.h" Line 243(2,5): Duplicate #locate
>>> Warning 238 "C:\Program Files (x86)\PICC\Devices\def_877a.h" Line 244(2,5): Duplicate #locate
>>> Warning 238 "C:\Program Files (x86)\PICC\Devices\def_877a.h" Line 245(2,5): Duplicate #locate
>>> Warning 238 "C:\Program Files (x86)\PICC\Devices\def_877a.h" Line 246(2,5): Duplicate #locate
>>> Warning 238 "C:\Program Files (x86)\PICC\Devices\def_877a.h" Line 247(2,5): Duplicate #locate
>>> Warning 238 "C:\Program Files (x86)\PICC\Devices\def_877a.h" Line 251(2,5): Duplicate #locate
>>> Warning 238 "C:\Program Files (x86)\PICC\Devices\def_877a.h" Line 252(2,5): Duplicate #locate
>>> Warning 238 "C:\Program Files (x86)\PICC\Devices\def_877a.h" Line 253(2,5): Duplicate #locate
>>> Warning 238 "C:\Program Files (x86)\PICC\Devices\def_877a.h" Line 254(2,5): Duplicate #locate
>>> Warning 238 "C:\Program Files (x86)\PICC\Devices\def_877a.h" Line 255(2,5): Duplicate #locate
>>> Warning 238 "C:\Program Files (x86)\PICC\Devices\def_877a.h" Line 256(2,5): Duplicate #locate
>>> Warning 238 "C:\Program Files (x86)\PICC\Devices\def_877a.h" Line 257(2,5): Duplicate #locate
>>> Warning 238 "C:\Program Files (x86)\PICC\Devices\def_877a.h" Line 258(2,5): Duplicate #locate
>>> Warning 238 "C:\Program Files (x86)\PICC\Devices\def_877a.h" Line 260(2,5): Duplicate #locate
>>> Warning 238 "C:\Program Files (x86)\PICC\Devices\def_877a.h" Line 261(2,5): Duplicate #locate
>>> Warning 238 "C:\Program Files (x86)\PICC\Devices\def_877a.h" Line 262(2,5): Duplicate #locate
>>> Warning 238 "C:\Program Files (x86)\PICC\Devices\def_877a.h" Line 263(2,5): Duplicate #locate
>>> Warning 238 "C:\Program Files (x86)\PICC\Devices\def_877a.h" Line 264(2,5): Duplicate #locate
>>> Warning 238 "C:\Program Files (x86)\PICC\Devices\def_877a.h" Line 265(2,5): Duplicate #locate
>>> Warning 238 "C:\Program Files (x86)\PICC\Devices\def_877a.h" Line 266(2,5): Duplicate #locate
>>> Warning 238 "C:\Program Files (x86)\PICC\Devices\def_877a.h" Line 267(2,5): Duplicate #locate
>>> Warning 238 "C:\Program Files (x86)\PICC\Devices\def_877a.h" Line 271(2,5): Duplicate #locate
>>> Warning 238 "C:\Program Files (x86)\PICC\Devices\def_877a.h" Line 272(2,5): Duplicate #locate
>>> Warning 238 "C:\Program Files (x86)\PICC\Devices\def_877a.h" Line 273(2,5): Duplicate #locate
>>> Warning 238 "C:\Program Files (x86)\PICC\Devices\def_877a.h" Line 274(2,5): Duplicate #locate
>>> Warning 238 "C:\Program Files (x86)\PICC\Devices\def_877a.h" Line 275(2,5): Duplicate #locate
>>> Warning 238 "C:\Program Files (x86)\PICC\Devices\def_877a.h" Line 276(2,5): Duplicate #locate
>>> Warning 238 "C:\Program Files (x86)\PICC\Devices\def_877a.h" Line 277(2,5): Duplicate #locate
>>> Warning 238 "C:\Program Files (x86)\PICC\Devices\def_877a.h" Line 278(2,5): Duplicate #locate
>>> Warning 238 "C:\Program Files (x86)\PICC\Devices\def_877a.h" Line 282(2,5): Duplicate #locate
>>> Warning 238 "C:\Program Files (x86)\PICC\Devices\def_877a.h" Line 283(2,5): Duplicate #locate
>>> Warning 238 "C:\Program Files (x86)\PICC\Devices\def_877a.h" Line 284(2,5): Duplicate #locate
>>> Warning 238 "C:\Program Files (x86)\PICC\Devices\def_877a.h" Line 285(2,5): Duplicate #locate
>>> Warning 238 "C:\Program Files (x86)\PICC\Devices\def_877a.h" Line 289(2,5): Duplicate #locate
>>> Warning 238 "C:\Program Files (x86)\PICC\Devices\def_877a.h" Line 290(2,5): Duplicate #locate
>>> Warning 238 "C:\Program Files (x86)\PICC\Devices\def_877a.h" Line 294(2,5): Duplicate #locate
>>> Warning 238 "C:\Program Files (x86)\PICC\Devices\def_877a.h" Line 295(2,5): Duplicate #locate
>>> Warning 238 "C:\Program Files (x86)\PICC\Devices\def_877a.h" Line 296(2,5): Duplicate #locate
>>> Warning 238 "C:\Program Files (x86)\PICC\Devices\def_877a.h" Line 297(2,5): Duplicate #locate
>>> Warning 238 "C:\Program Files (x86)\PICC\Devices\def_877a.h" Line 298(2,5): Duplicate #locate
>>> Warning 238 "C:\Program Files (x86)\PICC\Devices\def_877a.h" Line 299(2,5): Duplicate #locate
>>> Warning 238 "C:\Program Files (x86)\PICC\Devices\def_877a.h" Line 300(2,5): Duplicate #locate
>>> Warning 238 "C:\Program Files (x86)\PICC\Devices\def_877a.h" Line 301(2,5): Duplicate #locate
>>> Warning 238 "C:\Program Files (x86)\PICC\Devices\def_877a.h" Line 305(2,5): Duplicate #locate
>>> Warning 238 "C:\Program Files (x86)\PICC\Devices\def_877a.h" Line 306(2,5): Duplicate #locate
>>> Warning 238 "C:\Program Files (x86)\PICC\Devices\def_877a.h" Line 307(2,5): Duplicate #locate
>>> Warning 238 "C:\Program Files (x86)\PICC\Devices\def_877a.h" Line 308(2,5): Duplicate #locate
>>> Warning 238 "C:\Program Files (x86)\PICC\Devices\def_877a.h" Line 309(2,5): Duplicate #locate
>>> Warning 238 "C:\Program Files (x86)\PICC\Devices\def_877a.h" Line 310(2,5): Duplicate #locate
>>> Warning 238 "C:\Program Files (x86)\PICC\Devices\def_877a.h" Line 311(2,5): Duplicate #locate
>>> Warning 238 "C:\Program Files (x86)\PICC\Devices\def_877a.h" Line 312(2,5): Duplicate #locate
>>> Warning 238 "C:\Program Files (x86)\PICC\Devices\def_877a.h" Line 316(2,5): Duplicate #locate
>>> Warning 238 "C:\Program Files (x86)\PICC\Devices\def_877a.h" Line 317(2,5): Duplicate #locate
>>> Warning 238 "C:\Program Files (x86)\PICC\Devices\def_877a.h" Line 318(2,5): Duplicate #locate
>>> Warning 238 "C:\Program Files (x86)\PICC\Devices\def_877a.h" Line 319(2,5): Duplicate #locate
>>> Warning 238 "C:\Program Files (x86)\PICC\Devices\def_877a.h" Line 320(2,5): Duplicate #locate
>>> Warning 238 "C:\Program Files (x86)\PICC\Devices\def_877a.h" Line 321(2,5): Duplicate #locate
>>> Warning 238 "C:\Program Files (x86)\PICC\Devices\def_877a.h" Line 322(2,5): Duplicate #locate
>>> Warning 238 "C:\Program Files (x86)\PICC\Devices\def_877a.h" Line 326(2,5): Duplicate #locate
>>> Warning 238 "C:\Program Files (x86)\PICC\Devices\def_877a.h" Line 327(2,5): Duplicate #locate
>>> Warning 238 "C:\Program Files (x86)\PICC\Devices\def_877a.h" Line 328(2,5): Duplicate #locate
>>> Warning 238 "C:\Program Files (x86)\PICC\Devices\def_877a.h" Line 329(2,5): Duplicate #locate
>>> Warning 238 "C:\Program Files (x86)\PICC\Devices\def_877a.h" Line 330(2,5): Duplicate #locate
>>> Warning 238 "C:\Program Files (x86)\PICC\Devices\def_877a.h" Line 331(2,5): Duplicate #locate
>>> Warning 238 "C:\Program Files (x86)\PICC\Devices\def_877a.h" Line 335(2,5): Duplicate #locate
>>> Warning 238 "C:\Program Files (x86)\PICC\Devices\def_877a.h" Line 336(2,5): Duplicate #locate
>>> Warning 238 "C:\Program Files (x86)\PICC\Devices\def_877a.h" Line 337(2,5): Duplicate #locate
>>> Warning 238 "C:\Program Files (x86)\PICC\Devices\def_877a.h" Line 338(2,5): Duplicate #locate
>>> Warning 238 "C:\Program Files (x86)\PICC\Devices\def_877a.h" Line 339(2,5): Duplicate #locate
>>> Warning 238 "C:\Users\DangNgocNhan\Desktop\Project3\01. Project3\DHT11.c" Line 61(2,5): Duplicate #locate
>>> Warning 238 "C:\Users\DangNgocNhan\Desktop\Project3\01. Project3\DHT11.c" Line 62(2,5): Duplicate #locate
*** Error 23 "C:\Users\DangNgocNhan\Desktop\Project3\01. Project3\DHT11.c" Line 63(9,19): Can not set this option this far into the code
*** Error 23 "C:\Users\DangNgocNhan\Desktop\Project3\01. Project3\DHT11.c" Line 63(9,19): Can not set this option this far into the code
*** Error 12 "C:\Users\DangNgocNhan\Desktop\Project3\01. Project3\DHT11.c" Line 115(13,14): Undefined identifier  -- lcd_init
*** Error 12 "C:\Users\DangNgocNhan\Desktop\Project3\01. Project3\DHT11.c" Line 116(12,20): Undefined identifier   lcd_putc
*** Error 12 "C:\Users\DangNgocNhan\Desktop\Project3\01. Project3\DHT11.c" Line 118(18,19): Undefined identifier  -- lcd_gotoxy
*** Error 12 "C:\Users\DangNgocNhan\Desktop\Project3\01. Project3\DHT11.c" Line 119(15,23): Undefined identifier   lcd_putc
*** Error 12 "C:\Users\DangNgocNhan\Desktop\Project3\01. Project3\DHT11.c" Line 123(15,16): Undefined identifier  -- lcd_gotoxy
*** Error 12 "C:\Users\DangNgocNhan\Desktop\Project3\01. Project3\DHT11.c" Line 124(12,20): Undefined identifier   lcd_putc
*** Error 12 "C:\Users\DangNgocNhan\Desktop\Project3\01. Project3\DHT11.c" Line 126(18,19): Undefined identifier  -- lcd_gotoxy
*** Error 12 "C:\Users\DangNgocNhan\Desktop\Project3\01. Project3\DHT11.c" Line 127(15,23): Undefined identifier   lcd_putc
*** Error 12 "C:\Users\DangNgocNhan\Desktop\Project3\01. Project3\DHT11.c" Line 131(15,16): Undefined identifier  -- lcd_gotoxy
*** Error 12 "C:\Users\DangNgocNhan\Desktop\Project3\01. Project3\DHT11.c" Line 132(13,14): Undefined identifier  -- lcd_putc
*** Error 12 "C:\Users\DangNgocNhan\Desktop\Project3\01. Project3\DHT11.c" Line 133(13,14): Undefined identifier  -- lcd_putc
*** Error 12 "C:\Users\DangNgocNhan\Desktop\Project3\01. Project3\DHT11.c" Line 134(15,16): Undefined identifier  -- lcd_gotoxy
*** Error 12 "C:\Users\DangNgocNhan\Desktop\Project3\01. Project3\DHT11.c" Line 135(13,14): Undefined identifier  -- lcd_putc
*** Error 12 "C:\Users\DangNgocNhan\Desktop\Project3\01. Project3\main.c" Line 424(24,25): Undefined identifier  -- DHT_GetTemHumi
