
ROM used:   2281/8192 (28%)
            2851/8192 (35%) including unused fragments

            1.1 Average locations per line
            5.0 Average locations per statement

RAM used:   54/368 (15%) at main() level
            77/368 (21%) worst case

Stack used: 7 worst case (5 in main + 2 for interrupts)
Stack size: 8

Lines Stmts  %   Files
----- ----- ---  -----
  491   318  70  main.c
   60     0   0  main.h
  707     0   0  ..\..\..\..\..\Program Files (x86)\PICC\Devices\16F877A.h
  343     0   0  ..\..\..\..\..\Program Files (x86)\PICC\Devices\def_877a.h
  138    37   8  DHT11.c
  430    98  22  ..\..\..\..\..\Program Files (x86)\PICC\Devices\lcd.c
----- -----
 2169   453 Total

Page ROM  %  RAM    Vol Diff  Functions:
---- --- --- ---    --- ----  ----------
0     20   1    1             @delay_ms2
 Inline        19   1488  9.6  DHT_GetTemHumi
 Inline         3    760  4.5  lcd_read_byte
0     53   2    2    262  3.7  lcd_read_nibble
0     50   2    1    399  2.4  lcd_send_nibble
0    102   4    3    415  3.7  lcd_send_byte
0     76   3    6    852  6.2  lcd_init
0     18   1    4    208  6.3  lcd_gotoxy
0     36   2    1    272  4.1  lcd_putc
0     14   1    0    119  3.3  dk_Tang
0     18   1    0    152  3.8  dk_Giam
0     66   3    1    947  5.3  portb_interrupt
0     94   4    0    985  5.3  uart_
0     17   1    0     80  2.7  check_Den_Khach
 Inline         0    106  3.3  checkQuatKhachDHT11
0     32   1    0     94  2.8  check_Quat_Khach
0     45   2    1    630  5.3  Ngat_int_ext
0     44   2    2    798  4.8  Ngat_Timer1
0     38   2    2    287  3.7  check_DenVS
0     38   2    2    287  3.7  check_DenBep
0     20   1    0     69  2.3  check_QuatBep
0     18   1    0     84  2.7  check_BaoDong2
0     28   1    0    190  3.1  ngat_Timer0
1    803  35    1   3852  5.4  MAIN
0      7   0    0             @const1038
0     13   1    1             @SPRINTF
0     86   4    4             @PSTRINGC7_996
0      7   0    0             @const1043
0     87   4    5             @PSTRINGCN7_996
0     21   1    3             @DIV88
0     53   2    2             @PRINTF_U_996
0      8   0    0             @const1052
0      4   0    0             @const1053
0      7   0    0             @const1054
0      7   0    0             @const1055
0      8   0    0             @const1056
0     53   2    2             @PRINTF_U_1039
0     87   4    5             @PSTRINGCN7_1039
0     22   1    2             @PSTRINGR_996
0      5   0    0             @const1064
0      3   0    0             @const1065
0      9   0    0             @const1066
0      9   0    0             @const1067
0      8   0    0             @const1069
0      5   0    0             @const1071
0      9   0    0             @const1072
0      9   0    0             @const1073
0      8   0    0             @const1075
0      5   0    0             @const1077
 Inline         0             @cinit1

Program metrics:
    Functions               23
    Statements              453
    Comments                467
    Volume (V)              21887
    Difficulty (D)          98.5
    Effort to implement (E) 2155220
    Time to implement (T)   33 hours, 16 minutes
    Est Delivered Bugs (B)  6
    Cyclomatic Complexity   83
    Maintainability (MI)    118

 Segment     Used  Free
-----------  ----  ----
00000-00003     4  0  
00004-0006E   107  0  
0006F-007FF  1367  570  
00800-00FFF   803  1245  
01000-017FF     0  2048  
01800-01FFF     0  2048  



