
ROM used:   1089/8192 (13%)
            1089/8192 (13%) including unused fragments

            1.0 Average locations per line
            8.0 Average locations per statement

RAM used:   39/368 (11%) at main() level
            58/368 (16%) worst case

Stack used: 6 worst case (6 in main + 0 for interrupts)
Stack size: 8

Lines Stmts  %   Files
----- ----- ---  -----
   42    22  16  DHT11_HienThi_LCD_I2C.c
  707     0   0  ..\..\..\..\..\..\..\Program Files (x86)\PICC\Devices\16f877a.h
  141    37  27  DHT11.c
  211    77  57  i2c_Flex_LCD.c
----- -----
 1101   136 Total

Page ROM  %  RAM    Vol Diff  Functions:
---- --- --- ---    --- ----  ----------
0     20   2    1             @delay_ms2
 Inline        19   1466 10.5  DHT_GetTemHumi
0     92   8    1             @I2C_WRITE_129
0      8   1    1     63  2.3  lcd_backlight_led
0     80   7    3    574  5.9  i2c_send_nibble
0     82   8    3    149  2.8  lcd_send_byte
0     10   1    0     61  1.9  lcd_clear
0      8   1    0             @const749
0    126  12    5    902  5.8  lcd_init
0     55   5    7    681  8.0  lcd_gotoxy
0     37   3    1    310  5.9  LCD_PUTC
0    261  24   25    893  3.5  MAIN
0      7   1    0             @const769
0     13   1    1             @SPRINTF
0     88   8    4             @PSTRINGC7_759
0      7   1    0             @const774
0     87   8    5             @PSTRINGCN7_770
0     21   2    3             @DIV88
0     53   5    2             @PRINTF_U_770
0     22   2    2             @PSTRINGR_759
0      8   1    0             @const785
 Inline         0             @cinit1

Program metrics:
    Functions               9
    Statements              136
    Comments                301
    Volume (V)              7494
    Difficulty (D)          46.3
    Effort to implement (E) 346782
    Time to implement (T)   5 hours, 21 minutes
    Est Delivered Bugs (B)  2
    Cyclomatic Complexity   24
    Maintainability (MI)    114

 Segment     Used  Free
-----------  ----  ----
00000-00003     4  0  
00004-007FF  1085  959  
00800-00FFF     0  2048  
01000-017FF     0  2048  
01800-01FFF     0  2048  



