
ROM used:   1893/8192 (23%)
            1893/8192 (23%) including unused fragments

            0.9 Average locations per line
            4.5 Average locations per statement

RAM used:   54/368 (15%) at main() level
            77/368 (21%) worst case

Stack used: 7 worst case (5 in main + 2 for interrupts)
Stack size: 8

Lines Stmts  %   Files
----- ----- ---  -----
  433   282  68  main.c
   60     0   0  main.h
  707     0   0  ..\..\..\..\..\Program Files (x86)\PICC\Devices\16F877A.h
  343     0   0  ..\..\..\..\..\Program Files (x86)\PICC\Devices\def_877a.h
  138    37   9  DHT11.c
  430    98  24  ..\..\..\..\..\Program Files (x86)\PICC\Devices\lcd.c
----- -----
 2111   417 Total

Page ROM  %  RAM    Vol Diff  Functions:
---- --- --- ---    --- ----  ----------
0     20   1    1             @delay_ms2
 Inline        19   1488  9.6  DHT_GetTemHumi
 Inline         3    760  4.5  lcd_read_byte
0     53   3    2    262  3.7  lcd_read_nibble
0     50   3    1    399  2.4  lcd_send_nibble
0    102   5    3    415  3.7  lcd_send_byte
0     76   4    6    852  6.2  lcd_init
0     18   1    4    208  6.3  lcd_gotoxy
0     36   2    1    272  4.1  lcd_putc
0     14   1    0    125  3.7  dk_Tang
0     17   1    0    158  4.2  dk_Giam
0     50   3    1    765  5.3  portb_interrupt
0     94   5    0    985  5.3  uart_
0     17   1    0     80  2.7  check_Den_Khach
 Inline         0    106  3.3  checkQuatKhachDHT11
0     32   2    0     94  2.8  check_Quat_Khach
0     45   2    1    630  5.3  Ngat_int_ext
0     56   3    2    898  5.3  Ngat_Timer1
0     20   1    2    117  3.3  check_DenBep
0     20   1    0     69  2.3  check_QuatBep
0     18   1    0     84  2.7  check_BaoDong2
0     28   1    0    190  3.1  ngat_Timer0
0    505  27    1   3136  4.9  MAIN
0      7   0    0   3684  5.4  @const1037
0     13   1    1             @SPRINTF
0     86   5    4             @PSTRINGC7_996
0      7   0    0             @const1042
0     87   5    5             @PSTRINGCN7_996
0     21   1    3             @DIV88
0     53   3    2             @PRINTF_U_996
0      8   0    0             @const1051
0      4   0    0             @const1052
0      7   0    0             @const1053
0      7   0    0             @const1054
0     10   1    0             @const1055
0     87   5    5             @PSTRINGCN7_1038
0     53   3    2             @PRINTF_U_1038
0     22   1    2             @PSTRINGR_996
0      3   0    0             @const1063
0      9   0    0             @const1064
0      9   0    0             @const1065
0      9   0    0             @const1067
0      9   0    0             @const1068
 Inline         0             @cinit1

Program metrics:
    Functions               23
    Statements              417
    Comments                450
    Volume (V)              25277
    Difficulty (D)          102.1
    Effort to implement (E) 2581611
    Time to implement (T)   39 hours, 50 minutes
    Est Delivered Bugs (B)  6
    Cyclomatic Complexity   76
    Maintainability (MI)    114

 Segment     Used  Free
-----------  ----  ----
00000-00003     4  0  
00004-0006E   107  0  
0006F-007FF  1782  155  
00800-00FFF     0  2048  
01000-017FF     0  2048  
01800-01FFF     0  2048  



