
ROM used:   1139/8192 (14%)
            1139/8192 (14%) including unused fragments

            0.6 Average locations per line
            5.3 Average locations per statement

RAM used:   50/368 (14%) at main() level
            72/368 (20%) worst case

Stack used: 6 worst case (5 in main + 1 for interrupts)
Stack size: 8

Lines Stmts  %   Files
----- ----- ---  -----
  188    79  37  LCD20X4.c
  707     0   0  ..\..\..\..\..\..\..\Program Files (x86)\PICC\Devices\16f877a.h
  343     0   0  ..\..\..\..\..\..\..\Program Files (x86)\PICC\Devices\def_877a.h
  430    98  46  ..\..\..\..\..\..\..\Program Files (x86)\PICC\Drivers\lcd.c
  141    37  17  DHT11.c
----- -----
 1809   214 Total

Page ROM  %  RAM    Vol Diff  Functions:
---- --- --- ---    --- ----  ----------
0     20   2    1             @delay_ms1
 Inline         3    760  4.5  lcd_read_byte
0     55   5    2    262  3.7  lcd_read_nibble
0     52   5    1    399  2.4  lcd_send_nibble
0    106   9    3    415  3.7  lcd_send_byte
0     82   7    6    852  6.2  lcd_init
0     18   2    4    208  6.3  lcd_gotoxy
0     36   3    1    272  4.1  lcd_putc
0     20   2    1             @delay_ms2
 Inline        19   1466 10.5  DHT_GetTemHumi
0     17   1    0     80  2.7  check_Den_Khach
 Inline         0     78  2.6  checkQuatKhachDHT11
0     33   3    0     94  2.8  check_Quat_Khach
0     25   2    1    339  5.1  Ngat_int_ext
0    290  25    1   1394  4.4  MAIN
0      7   1    0             @const1017
0     13   1    1             @SPRINTF
0     88   8    4             @PSTRINGC7_963
0      7   1    0             @const1022
0     87   8    5             @PSTRINGCN7_1018
0     21   2    3             @DIV88
0     53   5    2             @PRINTF_U_1018
0     22   2    2             @PSTRINGR_963
0      8   1    0             @const1033
 Inline         0             @cinit1

Program metrics:
    Functions               13
    Statements              214
    Comments                410
    Volume (V)              10344
    Difficulty (D)          58.9
    Effort to implement (E) 609286
    Time to implement (T)   9 hours, 24 minutes
    Est Delivered Bugs (B)  2
    Cyclomatic Complexity   22
    Maintainability (MI)    124

 Segment     Used  Free
-----------  ----  ----
00000-00003     4  0  
00004-0004E    75  0  
0004F-007FF  1060  909  
00800-00FFF     0  2048  
01000-017FF     0  2048  
01800-01FFF     0  2048  



