
ROM used:   1012/8192 (12%)
            1012/8192 (12%) including unused fragments

            0.8 Average locations per line
            6.5 Average locations per statement

RAM used:   33/368 (9%) at main() level
            52/368 (14%) worst case

Stack used: 5 worst case (5 in main + 0 for interrupts)
Stack size: 8

Lines Stmts  %   Files
----- ----- ---  -----
   64    21  13  DHT11_HienThi_LCD.c
  707     0   0  ..\..\..\..\..\..\..\Program Files (x86)\PICC\Devices\16f877a.h
  430    98  63  ..\..\..\..\..\..\..\Program Files (x86)\PICC\Drivers\lcd.c
  141    37  24  DHT11.c
----- -----
 1342   156 Total

Page ROM  %  RAM    Vol Diff  Functions:
---- --- --- ---    --- ----  ----------
0     20   2    1             @delay_ms1
 Inline         3    760  4.5  lcd_read_byte
0     57   6    2    262  3.7  lcd_read_nibble
0     58   6    1    399  2.4  lcd_send_nibble
0    138  14    3    415  3.7  lcd_send_byte
0    104  10    6    852  6.2  lcd_init
0     18   2    4    208  6.3  lcd_gotoxy
0     36   4    1    272  4.1  lcd_putc
0     20   2    1    106  1.3  @delay_ms2
 Inline        19   1466 10.5  DHT_GetTemHumi
0    251  25   25    793  3.4  MAIN
0      7   1    0             @const767
0     13   1    1             @SPRINTF
0     88   9    4             @PSTRINGC7_725
0      7   1    0             @const772
0     87   9    5             @PSTRINGCN7_768
0     21   2    3             @DIV88
0     53   5    2             @PRINTF_U_768
0     22   2    2             @PSTRINGR_725
0      8   1    0             @const783
 Inline         0             @cinit1

Program metrics:
    Functions               10
    Statements              156
    Comments                347
    Volume (V)              8430
    Difficulty (D)          44.6
    Effort to implement (E) 375854
    Time to implement (T)   5 hours, 48 minutes
    Est Delivered Bugs (B)  2
    Cyclomatic Complexity   14
    Maintainability (MI)    106

 Segment     Used  Free
-----------  ----  ----
00000-00003     4  0  
00004-007FF  1008  1036  
00800-00FFF     0  2048  
01000-017FF     0  2048  
01800-01FFF     0  2048  



