
ROM used:   286/8192 (3%)
            286/8192 (3%) including unused fragments

            0.2 Average locations per line
            1.3 Average locations per statement

RAM used:   48/368 (13%) at main() level
            59/368 (16%) worst case

Stack used: 1 worst case (0 in main + 1 for interrupts)
Stack size: 8

Lines Stmts  %   Files
----- ----- ---  -----
  199   103  47  main.c
   44     0   0  main.h
  707     0   0  ..\..\..\..\..\Program Files (x86)\PICC\Devices\16F877A.h
  343     0   0  ..\..\..\..\..\Program Files (x86)\PICC\Devices\def_877a.h
  211    77  35  i2c_Flex_LCD.c
  138    37  17  DHT11.c
----- -----
 1642   217 Total

Page ROM  %  RAM    Vol Diff  Functions:
---- --- --- ---    --- ----  ----------
0     19   7    0     80  2.7  check_Den_Khach
0     38  13    1    528  5.2  portb_interrupt
0     25   9    1    333  5.1  Ngat_int_ext
0     64  22    1    420  2.8  Ngat_Timer1
0     77  27    0    552  3.8  MAIN
 Inline         0    552  3.8  @cinit1

Program metrics:
    Functions               6
    Statements              217
    Comments                405
    Volume (V)              3579
    Difficulty (D)          23.9
    Effort to implement (E) 85715
    Time to implement (T)   1 hours, 19 minutes
    Est Delivered Bugs (B)  1
    Cyclomatic Complexity   19
    Maintainability (MI)    87

 Segment     Used  Free
-----------  ----  ----
00000-00003     4  0  
00004-0003E    59  0  
0003F-007FF   223  1762  
00800-00FFF     0  2048  
01000-017FF     0  2048  
01800-01FFF     0  2048  



