
ROM used:   882/8192 (11%)
            882/8192 (11%) including unused fragments

            0.6 Average locations per line
            4.8 Average locations per statement

RAM used:   51/368 (14%) at main() level
            69/368 (19%) worst case

Stack used: 6 worst case (5 in main + 1 for interrupts)
Stack size: 8

Lines Stmts  %   Files
----- ----- ---  -----
  130    69  38  NgatCamBien.c
  707     0   0  ..\..\..\..\..\..\Program Files (x86)\PICC\Devices\16F877A.h
  343     0   0  ..\..\..\..\..\..\Program Files (x86)\PICC\Devices\def_877a.h
  157    37  20  DHT11.c
  211    77  42  i2c_Flex_LCD.c
----- -----
 1548   183 Total

Page ROM  %  RAM    Vol Diff  Functions:
---- --- --- ---    --- ----  ----------
0     20   2    1    152  2.2  @delay_ms2
0     74   8    1             @I2C_WRITE_129
0      8   1    1     63  2.3  lcd_backlight_led
0     80   9    3    574  5.9  i2c_send_nibble
0     67   8    3    149  2.8  lcd_send_byte
0     10   1    0     61  1.9  lcd_clear
0      8   1    0             @const983
0    111  13    5    902  5.8  lcd_init
0     55   6    7    681  8.0  lcd_gotoxy
0     37   4    1    310  5.9  LCD_PUTC
0     31   4    1    270  2.3  portb_interrupt
0     50   6    1    418  3.3  Ngat_int_ext
0     48   5    1    362  2.8  Ngat_Timer1
0     93  11    1    586  3.3  MAIN
0      7   1    0    260  2.8  @const1007
0     88  10    4             @PSTRINGC7_993
 Inline         0             @cinit1

Program metrics:
    Functions               13
    Statements              183
    Comments                374
    Volume (V)              7823
    Difficulty (D)          49.8
    Effort to implement (E) 389340
    Time to implement (T)   6 hours, 1 minutes
    Est Delivered Bugs (B)  2
    Cyclomatic Complexity   31
    Maintainability (MI)    139

 Segment     Used  Free
-----------  ----  ----
00000-00003     4  0  
00004-0005E    91  0  
0005F-007FF   787  1166  
00800-00FFF     0  2048  
01000-017FF     0  2048  
01800-01FFF     0  2048  



