
ROM used:   107/8192 (1%)
            107/8192 (1%) including unused fragments

            0.1 Average locations per line
            5.1 Average locations per statement

RAM used:   12/368 (3%) at main() level
            13/368 (4%) worst case

Stack used: 1 worst case (0 in main + 1 for interrupts)
Stack size: 8

Lines Stmts  %   Files
----- ----- ---  -----
   64    21 100  Ngat_PortB.c
  707     0   0  ..\..\..\..\..\..\Program Files (x86)\PICC\Devices\16F877A.h
  343     0   0  ..\..\..\..\..\..\Program Files (x86)\PICC\Devices\def_877a.h
----- -----
 1114    21 Total

Page ROM  %  RAM    Vol Diff  Functions:
---- --- --- ---    --- ----  ----------
0     35  33    1    270  2.3  portb_interrupt
0     25  23    0    130  2.2  MAIN
 Inline         0             @cinit1

Program metrics:
    Functions               2
    Statements              21
    Comments                164
    Volume (V)              482
    Difficulty (D)          4.4
    Effort to implement (E) 2117
    Time to implement (T)   2 minutes
    Est Delivered Bugs (B)  0
    Cyclomatic Complexity   4
    Maintainability (MI)    154

 Segment     Used  Free
-----------  ----  ----
00000-00003     4  0  
00004-0002E    43  0  
0002F-007FF    60  1941  
00800-00FFF     0  2048  
01000-017FF     0  2048  
01800-01FFF     0  2048  



