
ROM used:   2027/8192 (25%)
            2027/8192 (25%) including unused fragments

            1.0 Average locations per line
            4.9 Average locations per statement

RAM used:   53/368 (14%) at main() level
            76/368 (21%) worst case

Stack used: 7 worst case (5 in main + 2 for interrupts)
Stack size: 8

Lines Stmts  %   Files
----- ----- ---  -----
  441   277  67  main.c
   57     0   0  main.h
  707     0   0  ..\..\..\..\..\Program Files (x86)\PICC\Devices\16F877A.h
  343     0   0  ..\..\..\..\..\Program Files (x86)\PICC\Devices\def_877a.h
  138    37   9  DHT11.c
  430    98  24  ..\..\..\..\..\Program Files (x86)\PICC\Devices\lcd.c
----- -----
 2116   412 Total

Page ROM  %  RAM    Vol Diff  Functions:
---- --- --- ---    --- ----  ----------
0     20   1    1             @delay_ms2
 Inline        19   1488  9.6  DHT_GetTemHumi
 Inline         3    760  4.5  lcd_read_byte
0     53   3    2    262  3.7  lcd_read_nibble
0     50   2    1    399  2.4  lcd_send_nibble
0    102   5    3    415  3.7  lcd_send_byte
0     76   4    6    852  6.2  lcd_init
0     18   1    4    208  6.3  lcd_gotoxy
0     36   2    1    272  4.1  lcd_putc
0      9   0    0     82  2.6  dk_Tang
0      9   0    0     82  2.6  dk_Giam
0     50   2    1    765  5.3  portb_interrupt
0     94   5    0    985  5.3  uart_
0     17   1    0     80  2.7  check_Den_Khach
0     13   1    0    106  3.3  checkQuatKhachDHT11
0     21   1    0     94  2.8  check_Quat_Khach
0     44   2    1    601  5.3  Ngat_int_ext
0     66   3    2    916  5.3  Ngat_Timer1
0     28   1    0    113  2.9  check_QuatBep
0     18   1    0     84  2.7  check_BaoDong2
0     27   1    0    167  3.1  ngat_Timer0
0    631  31    1   3607  4.9  MAIN
0      7   0    0    190  3.1  @const1035
0     13   1    1   3684  5.4  @SPRINTF
0     86   4    4             @PSTRINGC7_993
0      7   0    0             @const1040
0     87   4    5             @PSTRINGCN7_993
0     21   1    3             @DIV88
0     53   3    2             @PRINTF_U_993
0      8   0    0             @const1049
0      4   0    0             @const1050
0      7   0    0             @const1051
0      7   0    0             @const1052
0     11   1    0             @const1053
0     53   3    2             @PRINTF_U_1036
0     87   4    5             @PSTRINGCN7_1036
0     22   1    2             @PSTRINGR_993
0      3   0    0             @const1061
0      9   0    0             @const1062
0      9   0    0             @const1063
0     11   1    0             @const1065
0      9   0    0             @const1067
0      9   0    0             @const1068
0     11   1    0             @const1070
 Inline         0             @cinit1

Program metrics:
    Functions               23
    Statements              412
    Comments                459
    Volume (V)              25815
    Difficulty (D)          99.8
    Effort to implement (E) 2575771
    Time to implement (T)   39 hours, 45 minutes
    Est Delivered Bugs (B)  6
    Cyclomatic Complexity   75
    Maintainability (MI)    117

 Segment     Used  Free
-----------  ----  ----
00000-00003     4  0  
00004-0006E   107  0  
0006F-007FF  1916  21  
00800-00FFF     0  2048  
01000-017FF     0  2048  
01800-01FFF     0  2048  



